mode: set
github.com/liuyoshio/bookings/internal/handlers/handlers.go:30.62,35.2 1 0
github.com/liuyoshio/bookings/internal/handlers/handlers.go:37.51,42.2 1 1
github.com/liuyoshio/bookings/internal/handlers/handlers.go:45.33,47.2 1 1
github.com/liuyoshio/bookings/internal/handlers/handlers.go:50.67,52.2 1 1
github.com/liuyoshio/bookings/internal/handlers/handlers.go:55.68,58.2 1 1
github.com/liuyoshio/bookings/internal/handlers/handlers.go:60.74,62.9 2 1
github.com/liuyoshio/bookings/internal/handlers/handlers.go:62.9,66.3 3 1
github.com/liuyoshio/bookings/internal/handlers/handlers.go:67.2,68.16 2 1
github.com/liuyoshio/bookings/internal/handlers/handlers.go:68.16,72.3 3 1
github.com/liuyoshio/bookings/internal/handlers/handlers.go:73.2,91.4 10 1
github.com/liuyoshio/bookings/internal/handlers/handlers.go:95.78,97.9 2 1
github.com/liuyoshio/bookings/internal/handlers/handlers.go:97.9,102.3 4 1
github.com/liuyoshio/bookings/internal/handlers/handlers.go:104.2,105.16 2 1
github.com/liuyoshio/bookings/internal/handlers/handlers.go:105.16,110.3 4 1
github.com/liuyoshio/bookings/internal/handlers/handlers.go:112.2,122.19 9 1
github.com/liuyoshio/bookings/internal/handlers/handlers.go:122.19,130.3 4 0
github.com/liuyoshio/bookings/internal/handlers/handlers.go:132.2,133.16 2 1
github.com/liuyoshio/bookings/internal/handlers/handlers.go:133.16,137.3 3 0
github.com/liuyoshio/bookings/internal/handlers/handlers.go:139.2,150.16 4 1
github.com/liuyoshio/bookings/internal/handlers/handlers.go:150.16,154.3 3 0
github.com/liuyoshio/bookings/internal/handlers/handlers.go:156.2,157.66 2 1
github.com/liuyoshio/bookings/internal/handlers/handlers.go:160.71,162.2 1 1
github.com/liuyoshio/bookings/internal/handlers/handlers.go:164.69,166.2 1 1
github.com/liuyoshio/bookings/internal/handlers/handlers.go:168.75,170.2 1 1
github.com/liuyoshio/bookings/internal/handlers/handlers.go:172.79,178.16 5 0
github.com/liuyoshio/bookings/internal/handlers/handlers.go:178.16,180.3 1 0
github.com/liuyoshio/bookings/internal/handlers/handlers.go:181.2,182.16 2 0
github.com/liuyoshio/bookings/internal/handlers/handlers.go:182.16,184.3 1 0
github.com/liuyoshio/bookings/internal/handlers/handlers.go:186.2,187.16 2 0
github.com/liuyoshio/bookings/internal/handlers/handlers.go:187.16,190.3 2 0
github.com/liuyoshio/bookings/internal/handlers/handlers.go:192.2,192.21 1 0
github.com/liuyoshio/bookings/internal/handlers/handlers.go:192.21,197.3 3 0
github.com/liuyoshio/bookings/internal/handlers/handlers.go:199.2,211.4 5 0
github.com/liuyoshio/bookings/internal/handlers/handlers.go:223.79,244.16 10 0
github.com/liuyoshio/bookings/internal/handlers/handlers.go:244.16,246.3 1 0
github.com/liuyoshio/bookings/internal/handlers/handlers.go:248.2,249.14 2 0
github.com/liuyoshio/bookings/internal/handlers/handlers.go:252.70,254.2 1 1
github.com/liuyoshio/bookings/internal/handlers/handlers.go:257.81,259.9 2 0
github.com/liuyoshio/bookings/internal/handlers/handlers.go:259.9,264.3 4 0
github.com/liuyoshio/bookings/internal/handlers/handlers.go:266.2,281.4 9 0
github.com/liuyoshio/bookings/internal/handlers/handlers.go:284.73,286.16 2 0
github.com/liuyoshio/bookings/internal/handlers/handlers.go:286.16,289.3 2 0
github.com/liuyoshio/bookings/internal/handlers/handlers.go:290.2,291.9 2 0
github.com/liuyoshio/bookings/internal/handlers/handlers.go:291.9,293.3 1 0
github.com/liuyoshio/bookings/internal/handlers/handlers.go:295.2,298.63 3 0
github.com/liuyoshio/bookings/internal/handlers/handlers.go:302.71,314.16 9 0
github.com/liuyoshio/bookings/internal/handlers/handlers.go:314.16,317.3 2 0
github.com/liuyoshio/bookings/internal/handlers/handlers.go:318.2,324.63 6 0
