mode: set
github.com/liuyoshio/bookings/internal/handlers/handlers.go:22.47,26.2 1 1
github.com/liuyoshio/bookings/internal/handlers/handlers.go:29.33,31.2 1 1
github.com/liuyoshio/bookings/internal/handlers/handlers.go:34.67,39.2 3 1
github.com/liuyoshio/bookings/internal/handlers/handlers.go:42.68,54.2 5 1
github.com/liuyoshio/bookings/internal/handlers/handlers.go:56.74,65.2 4 1
github.com/liuyoshio/bookings/internal/handlers/handlers.go:68.78,70.16 2 1
github.com/liuyoshio/bookings/internal/handlers/handlers.go:70.16,73.3 2 0
github.com/liuyoshio/bookings/internal/handlers/handlers.go:75.2,87.19 6 1
github.com/liuyoshio/bookings/internal/handlers/handlers.go:87.19,95.3 4 0
github.com/liuyoshio/bookings/internal/handlers/handlers.go:97.2,98.66 2 1
github.com/liuyoshio/bookings/internal/handlers/handlers.go:101.71,103.2 1 1
github.com/liuyoshio/bookings/internal/handlers/handlers.go:105.69,107.2 1 1
github.com/liuyoshio/bookings/internal/handlers/handlers.go:109.75,111.2 1 1
github.com/liuyoshio/bookings/internal/handlers/handlers.go:113.79,118.2 3 1
github.com/liuyoshio/bookings/internal/handlers/handlers.go:126.79,133.16 3 1
github.com/liuyoshio/bookings/internal/handlers/handlers.go:133.16,135.3 1 0
github.com/liuyoshio/bookings/internal/handlers/handlers.go:137.2,138.14 2 1
github.com/liuyoshio/bookings/internal/handlers/handlers.go:141.70,143.2 1 1
github.com/liuyoshio/bookings/internal/handlers/handlers.go:145.81,147.9 2 1
github.com/liuyoshio/bookings/internal/handlers/handlers.go:147.9,152.3 4 1
github.com/liuyoshio/bookings/internal/handlers/handlers.go:154.2,161.4 4 0
